<!DOCTYPE html PUBLIC "-//W3C//DTD XHTML 1.0 Transitional//EN" "http://www.w3.org/TR/xhtml1/DTD/xhtml1-transitional.dtd">
<!-- Generated by Apache Maven Doxia Site Renderer 1.4 at 2015-02-18 -->
<html xmlns="http://www.w3.org/1999/xhtml" xml:lang="en" lang="en">
  <head>
    <meta http-equiv="Content-Type" content="text/html; charset=UTF-8" />
    <title>Title_Validation_2E2 - Surefire Report</title>
    <style type="text/css" media="all">
      @import url("./css/maven-base.css");
      @import url("./css/maven-theme.css");
      @import url("./css/site.css");
    </style>
    <link rel="stylesheet" href="./css/print.css" type="text/css" media="print" />
    <meta name="Date-Revision-yyyymmdd" content="20150218" />
    <meta http-equiv="Content-Language" content="en" />
        
        </head>
  <body class="composite">
    <div id="banner">
                    <div id="bannerLeft">
                Title_Validation_2E2
                </div>
                    <div class="clear">
        <hr/>
      </div>
    </div>
    <div id="breadcrumbs">
            
                    
                <div class="xleft">
        <span id="publishDate">Last Published: 2015-02-18</span>
                  &nbsp;| <span id="projectVersion">Version: 1.2pwd</span>
                      </div>
            <div class="xright">                    <a href="./" title="Title_Validation_2E2">Title_Validation_2E2</a>
              
                    
      </div>
      <div class="clear">
        <hr/>
      </div>
    </div>
    <div id="leftColumn">
      <div id="navcolumn">
             
                    
                                          <h5>Project Documentation</h5>
                  <ul>
                                                                                                                                                                                <li class="collapsed">
                          <a href="project-info.html" title="Project Information">Project Information</a>
                  </li>
                                                                              <li class="expanded">
                          <a href="project-reports.html" title="Project Reports">Project Reports</a>
                    <ul>
                      <li class="none">
            <strong>Surefire Report</strong>
          </li>
              </ul>
        </li>
          </ul>
                             <a href="http://maven.apache.org/" title="Built by Maven" class="poweredBy">
        <img class="poweredBy" alt="Built by Maven" src="./images/logos/maven-feather.png" />
      </a>
                   
                    
            </div>
    </div>
    <div id="bodyColumn">
      <div id="contentBox">
        <script type="text/javascript">
//<![CDATA[
function toggleDisplay(elementId) {
 var elm = document.getElementById(elementId + 'error');
 if (elm && typeof elm.style != "undefined") {
 if (elm.style.display == "none") {
 elm.style.display = "";
 document.getElementById(elementId + 'off').style.display = "none";
 document.getElementById(elementId + 'on').style.display = "inline";
 } else if (elm.style.display == "") { elm.style.display = "none";
 document.getElementById(elementId + 'off').style.display = "inline";
 document.getElementById(elementId + 'on').style.display = "none";
 } 
 } 
 }
//]]>
</script>
<div class="section">
<h2>Surefire Report<a name="Surefire_Report"></a></h2></div>
<div class="section">
<h2>Summary<a name="Summary"></a></h2><a name="Summary"></a>
<p>[<a href="#Summary">Summary</a>] [<a href="#Package_List">Package List</a>] [<a href="#Test_Cases">Test Cases</a>]</p><br />
<table border="1" class="bodyTable">
<tr class="a">
<th>Tests</th>
<th>Errors </th>
<th>Failures</th>
<th>Skipped</th>
<th>Success Rate</th>
<th>Time</th></tr>
<tr class="b">
<td>25</td>
<td>0</td>
<td>10</td>
<td>0</td>
<td>60%</td>
<td>0.026</td></tr></table><br />
<p>Note: failures are anticipated and checked for with assertions while errors are unanticipated.</p><br /></div>
<div class="section">
<h2>Package List<a name="Package_List"></a></h2><a name="Package_List"></a>
<p>[<a href="#Summary">Summary</a>] [<a href="#Package_List">Package List</a>] [<a href="#Test_Cases">Test Cases</a>]</p><br />
<table border="1" class="bodyTable">
<tr class="a">
<th>Package</th>
<th>Tests</th>
<th>Errors </th>
<th>Failures</th>
<th>Skipped</th>
<th>Success Rate</th>
<th>Time</th></tr>
<tr class="b">
<td><a href="#core">core</a></td>
<td>25</td>
<td>0</td>
<td>10</td>
<td>0</td>
<td>60%</td>
<td>0.026</td></tr></table><br />
<p>Note: package statistics are not computed recursively, they only sum up all of its testsuites numbers.</p>
<div class="section">
<h3>core<a name="core"></a></h3><a name="core"></a>
<table border="1" class="bodyTable">
<tr class="a">
<th></th>
<th>Class</th>
<th>Tests</th>
<th>Errors </th>
<th>Failures</th>
<th>Skipped</th>
<th>Success Rate</th>
<th>Time</th></tr>
<tr class="b">
<td><a href="#coreSeleniumTest"><img src="images/icon_warning_sml.gif" alt="" /></a></td>
<td><a href="#coreSeleniumTest">SeleniumTest</a></td>
<td>25</td>
<td>0</td>
<td>10</td>
<td>0</td>
<td>60%</td>
<td>0.026</td></tr></table></div><br /></div>
<div class="section">
<h2>Test Cases<a name="Test_Cases"></a></h2><a name="Test_Cases"></a>
<p>[<a href="#Summary">Summary</a>] [<a href="#Package_List">Package List</a>] [<a href="#Test_Cases">Test Cases</a>]</p>
<div class="section">
<h3>SeleniumTest<a name="SeleniumTest"></a></h3><a name="coreSeleniumTest"></a>
<table border="1" class="bodyTable">
<tr class="a">
<td><img src="images/icon_success_sml.gif" alt="" /></td>
<td>test_Title_Validation[Iteration # 0 : exp: learn2test.net; act: learn2test.net]</td>
<td>0.007</td></tr>
<tr class="b">
<td><img src="images/icon_success_sml.gif" alt="" /></td>
<td>test_Title_Validation[Iteration # 1 : exp: Coursera - Free Online Courses From Top Universities; act: Coursera - Free Online Courses From Top Universities]</td>
<td>0</td></tr>
<tr class="a">
<td><a href="#core.SeleniumTest.test_Title_Validation[Iteration # 2 : exp: learntest.net; act: learn2test.net]"><img src="images/icon_error_sml.gif" alt="" /></a></td>
<td><a href="#core.SeleniumTest.test_Title_Validation[Iteration # 2 : exp: learntest.net; act: learn2test.net]">test_Title_Validation[Iteration # 2 : exp: learntest.net; act: learn2test.net]</a>
<div class="detailToggle" style="display:inline"><a href="javascript:toggleDisplay(&apos;core_SeleniumTest_test_Title_Validation[Iteration # 2 : exp: learntest_net; act: learn2test_net]&apos;);"><span style="display:inline;" id="core_SeleniumTest_test_Title_Validation[Iteration # 2 : exp: learntest_net; act: learn2test_net]off"> + </span><span style="display:none;" id="core_SeleniumTest_test_Title_Validation[Iteration # 2 : exp: learntest_net; act: learn2test_net]on"> - </span>[ Detail ]</a></div></td>
<td>0.003</td></tr>
<tr class="b">
<td></td>
<td>FAILED expected:&lt;learn[]test.net&gt; but was:&lt;learn[2]test.net&gt;</td>
<td></td></tr>
<tr class="a">
<td></td>
<td>
<div id="core_SeleniumTest_test_Title_Validation[Iteration # 2 : exp: learntest_net; act: learn2test_net]error" style="display:none;">
<div>
<pre>org.junit.ComparisonFailure: FAILED expected:&lt;learn[]test.net&gt; but was:&lt;learn[2]test.net&gt;at org.junit.Assert.assertEquals(Assert.java:115)at core.SeleniumTest.test_Title_Validation(SeleniumTest.java:46)at sun.reflect.NativeMethodAccessorImpl.invoke0(Native Method)at sun.reflect.NativeMethodAccessorImpl.invoke(NativeMethodAccessorImpl.java:62)at sun.reflect.DelegatingMethodAccessorImpl.invoke(DelegatingMethodAccessorImpl.java:43)at java.lang.reflect.Method.invoke(Method.java:483)at org.junit.runners.model.FrameworkMethod$1.runReflectiveCall(FrameworkMethod.java:47)at org.junit.internal.runners.model.ReflectiveCallable.run(ReflectiveCallable.java:12)at org.junit.runners.model.FrameworkMethod.invokeExplosively(FrameworkMethod.java:44)at org.junit.internal.runners.statements.InvokeMethod.evaluate(InvokeMethod.java:17)at org.junit.runners.ParentRunner.runLeaf(ParentRunner.java:271)at org.junit.runners.BlockJUnit4ClassRunner.runChild(BlockJUnit4ClassRunner.java:70)at org.junit.runners.BlockJUnit4ClassRunner.runChild(BlockJUnit4ClassRunner.java:50)at org.junit.runners.ParentRunner$3.run(ParentRunner.java:238)at org.junit.runners.ParentRunner$1.schedule(ParentRunner.java:63)at org.junit.runners.ParentRunner.runChildren(ParentRunner.java:236)at org.junit.runners.ParentRunner.access$000(ParentRunner.java:53)at org.junit.runners.ParentRunner$2.evaluate(ParentRunner.java:229)at org.junit.runners.ParentRunner.run(ParentRunner.java:309)at org.junit.runners.Suite.runChild(Suite.java:127)at org.junit.runners.Suite.runChild(Suite.java:26)at org.junit.runners.ParentRunner$3.run(ParentRunner.java:238)at org.junit.runners.ParentRunner$1.schedule(ParentRunner.java:63)at org.junit.runners.ParentRunner.runChildren(ParentRunner.java:236)at org.junit.runners.ParentRunner.access$000(ParentRunner.java:53)at org.junit.runners.ParentRunner$2.evaluate(ParentRunner.java:229)at org.junit.internal.runners.statements.RunBefores.evaluate(RunBefores.java:26)at org.junit.runners.ParentRunner.run(ParentRunner.java:309)at org.junit.runners.Suite.runChild(Suite.java:127)at org.junit.runners.Suite.runChild(Suite.java:26)at org.junit.runners.ParentRunner$3.run(ParentRunner.java:238)at org.junit.runners.ParentRunner$1.schedule(ParentRunner.java:63)at org.junit.runners.ParentRunner.runChildren(ParentRunner.java:236)at org.junit.runners.ParentRunner.access$000(ParentRunner.java:53)at org.junit.runners.ParentRunner$2.evaluate(ParentRunner.java:229)at org.junit.runners.ParentRunner.run(ParentRunner.java:309)at org.apache.maven.surefire.junit4.JUnit4Provider.execute(JUnit4Provider.java:252)at org.apache.maven.surefire.junit4.JUnit4Provider.executeTestSet(JUnit4Provider.java:141)at org.apache.maven.surefire.junit4.JUnit4Provider.invoke(JUnit4Provider.java:112)at sun.reflect.NativeMethodAccessorImpl.invoke0(Native Method)at sun.reflect.NativeMethodAccessorImpl.invoke(NativeMethodAccessorImpl.java:62)at sun.reflect.DelegatingMethodAccessorImpl.invoke(DelegatingMethodAccessorImpl.java:43)at java.lang.reflect.Method.invoke(Method.java:483)at org.apache.maven.surefire.util.ReflectionUtils.invokeMethodWithArray(ReflectionUtils.java:189)at org.apache.maven.surefire.booter.ProviderFactory$ProviderProxy.invoke(ProviderFactory.java:165)at org.apache.maven.surefire.booter.ProviderFactory.invokeProvider(ProviderFactory.java:85)at org.apache.maven.surefire.booter.ForkedBooter.runSuitesInProcess(ForkedBooter.java:115)at org.apache.maven.surefire.booter.ForkedBooter.main(ForkedBooter.java:75)</pre></div></div></td>
<td></td></tr>
<tr class="b">
<td><a href="#core.SeleniumTest.test_Title_Validation[Iteration # 3 : exp: Coursera-Free Online Courses From Top Universities; act: Coursera - Free Online Courses From Top Universities]"><img src="images/icon_error_sml.gif" alt="" /></a></td>
<td><a href="#core.SeleniumTest.test_Title_Validation[Iteration # 3 : exp: Coursera-Free Online Courses From Top Universities; act: Coursera - Free Online Courses From Top Universities]">test_Title_Validation[Iteration # 3 : exp: Coursera-Free Online Courses From Top Universities; act: Coursera - Free Online Courses From Top Universities]</a>
<div class="detailToggle" style="display:inline"><a href="javascript:toggleDisplay(&apos;core_SeleniumTest_test_Title_Validation[Iteration # 3 : exp: Coursera-Free Online Courses From Top Universities; act: Coursera - Free Online Courses From Top Universities]&apos;);"><span style="display:inline;" id="core_SeleniumTest_test_Title_Validation[Iteration # 3 : exp: Coursera-Free Online Courses From Top Universities; act: Coursera - Free Online Courses From Top Universities]off"> + </span><span style="display:none;" id="core_SeleniumTest_test_Title_Validation[Iteration # 3 : exp: Coursera-Free Online Courses From Top Universities; act: Coursera - Free Online Courses From Top Universities]on"> - </span>[ Detail ]</a></div></td>
<td>0</td></tr>
<tr class="a">
<td></td>
<td>FAILED expected:&lt;Coursera[-]Free Online Courses ...&gt; but was:&lt;Coursera[ - ]Free Online Courses ...&gt;</td>
<td></td></tr>
<tr class="b">
<td></td>
<td>
<div id="core_SeleniumTest_test_Title_Validation[Iteration # 3 : exp: Coursera-Free Online Courses From Top Universities; act: Coursera - Free Online Courses From Top Universities]error" style="display:none;">
<div>
<pre>org.junit.ComparisonFailure: FAILED expected:&lt;Coursera[-]Free Online Courses ...&gt; but was:&lt;Coursera[ - ]Free Online Courses ...&gt;at org.junit.Assert.assertEquals(Assert.java:115)at core.SeleniumTest.test_Title_Validation(SeleniumTest.java:46)at sun.reflect.NativeMethodAccessorImpl.invoke0(Native Method)at sun.reflect.NativeMethodAccessorImpl.invoke(NativeMethodAccessorImpl.java:62)at sun.reflect.DelegatingMethodAccessorImpl.invoke(DelegatingMethodAccessorImpl.java:43)at java.lang.reflect.Method.invoke(Method.java:483)at org.junit.runners.model.FrameworkMethod$1.runReflectiveCall(FrameworkMethod.java:47)at org.junit.internal.runners.model.ReflectiveCallable.run(ReflectiveCallable.java:12)at org.junit.runners.model.FrameworkMethod.invokeExplosively(FrameworkMethod.java:44)at org.junit.internal.runners.statements.InvokeMethod.evaluate(InvokeMethod.java:17)at org.junit.runners.ParentRunner.runLeaf(ParentRunner.java:271)at org.junit.runners.BlockJUnit4ClassRunner.runChild(BlockJUnit4ClassRunner.java:70)at org.junit.runners.BlockJUnit4ClassRunner.runChild(BlockJUnit4ClassRunner.java:50)at org.junit.runners.ParentRunner$3.run(ParentRunner.java:238)at org.junit.runners.ParentRunner$1.schedule(ParentRunner.java:63)at org.junit.runners.ParentRunner.runChildren(ParentRunner.java:236)at org.junit.runners.ParentRunner.access$000(ParentRunner.java:53)at org.junit.runners.ParentRunner$2.evaluate(ParentRunner.java:229)at org.junit.runners.ParentRunner.run(ParentRunner.java:309)at org.junit.runners.Suite.runChild(Suite.java:127)at org.junit.runners.Suite.runChild(Suite.java:26)at org.junit.runners.ParentRunner$3.run(ParentRunner.java:238)at org.junit.runners.ParentRunner$1.schedule(ParentRunner.java:63)at org.junit.runners.ParentRunner.runChildren(ParentRunner.java:236)at org.junit.runners.ParentRunner.access$000(ParentRunner.java:53)at org.junit.runners.ParentRunner$2.evaluate(ParentRunner.java:229)at org.junit.internal.runners.statements.RunBefores.evaluate(RunBefores.java:26)at org.junit.runners.ParentRunner.run(ParentRunner.java:309)at org.junit.runners.Suite.runChild(Suite.java:127)at org.junit.runners.Suite.runChild(Suite.java:26)at org.junit.runners.ParentRunner$3.run(ParentRunner.java:238)at org.junit.runners.ParentRunner$1.schedule(ParentRunner.java:63)at org.junit.runners.ParentRunner.runChildren(ParentRunner.java:236)at org.junit.runners.ParentRunner.access$000(ParentRunner.java:53)at org.junit.runners.ParentRunner$2.evaluate(ParentRunner.java:229)at org.junit.runners.ParentRunner.run(ParentRunner.java:309)at org.apache.maven.surefire.junit4.JUnit4Provider.execute(JUnit4Provider.java:252)at org.apache.maven.surefire.junit4.JUnit4Provider.executeTestSet(JUnit4Provider.java:141)at org.apache.maven.surefire.junit4.JUnit4Provider.invoke(JUnit4Provider.java:112)at sun.reflect.NativeMethodAccessorImpl.invoke0(Native Method)at sun.reflect.NativeMethodAccessorImpl.invoke(NativeMethodAccessorImpl.java:62)at sun.reflect.DelegatingMethodAccessorImpl.invoke(DelegatingMethodAccessorImpl.java:43)at java.lang.reflect.Method.invoke(Method.java:483)at org.apache.maven.surefire.util.ReflectionUtils.invokeMethodWithArray(ReflectionUtils.java:189)at org.apache.maven.surefire.booter.ProviderFactory$ProviderProxy.invoke(ProviderFactory.java:165)at org.apache.maven.surefire.booter.ProviderFactory.invokeProvider(ProviderFactory.java:85)at org.apache.maven.surefire.booter.ForkedBooter.runSuitesInProcess(ForkedBooter.java:115)at org.apache.maven.surefire.booter.ForkedBooter.main(ForkedBooter.java:75)</pre></div></div></td>
<td></td></tr>
<tr class="a">
<td><a href="#core.SeleniumTest.test_Title_Validation[Iteration # 4 : exp: Facebook; act: Добро пожаловать на Фейсбук - заходите, регистрируйтесь и находите друзей.]"><img src="images/icon_error_sml.gif" alt="" /></a></td>
<td><a href="#core.SeleniumTest.test_Title_Validation[Iteration # 4 : exp: Facebook; act: Добро пожаловать на Фейсбук - заходите, регистрируйтесь и находите друзей.]">test_Title_Validation[Iteration # 4 : exp: Facebook; act: &#x414;&#x43e;&#x431;&#x440;&#x43e; &#x43f;&#x43e;&#x436;&#x430;&#x43b;&#x43e;&#x432;&#x430;&#x442;&#x44c; &#x43d;&#x430; &#x424;&#x435;&#x439;&#x441;&#x431;&#x443;&#x43a; - &#x437;&#x430;&#x445;&#x43e;&#x434;&#x438;&#x442;&#x435;, &#x440;&#x435;&#x433;&#x438;&#x441;&#x442;&#x440;&#x438;&#x440;&#x443;&#x439;&#x442;&#x435;&#x441;&#x44c; &#x438; &#x43d;&#x430;&#x445;&#x43e;&#x434;&#x438;&#x442;&#x435; &#x434;&#x440;&#x443;&#x437;&#x435;&#x439;.]</a>
<div class="detailToggle" style="display:inline"><a href="javascript:toggleDisplay(&apos;core_SeleniumTest_test_Title_Validation[Iteration # 4 : exp: Facebook; act: Добро пожаловать на Фейсбук - заходите, регистрируйтесь и находите друзей_]&apos;);"><span style="display:inline;" id="core_SeleniumTest_test_Title_Validation[Iteration # 4 : exp: Facebook; act: &#x414;&#x43e;&#x431;&#x440;&#x43e; &#x43f;&#x43e;&#x436;&#x430;&#x43b;&#x43e;&#x432;&#x430;&#x442;&#x44c; &#x43d;&#x430; &#x424;&#x435;&#x439;&#x441;&#x431;&#x443;&#x43a; - &#x437;&#x430;&#x445;&#x43e;&#x434;&#x438;&#x442;&#x435;, &#x440;&#x435;&#x433;&#x438;&#x441;&#x442;&#x440;&#x438;&#x440;&#x443;&#x439;&#x442;&#x435;&#x441;&#x44c; &#x438; &#x43d;&#x430;&#x445;&#x43e;&#x434;&#x438;&#x442;&#x435; &#x434;&#x440;&#x443;&#x437;&#x435;&#x439;_]off"> + </span><span style="display:none;" id="core_SeleniumTest_test_Title_Validation[Iteration # 4 : exp: Facebook; act: &#x414;&#x43e;&#x431;&#x440;&#x43e; &#x43f;&#x43e;&#x436;&#x430;&#x43b;&#x43e;&#x432;&#x430;&#x442;&#x44c; &#x43d;&#x430; &#x424;&#x435;&#x439;&#x441;&#x431;&#x443;&#x43a; - &#x437;&#x430;&#x445;&#x43e;&#x434;&#x438;&#x442;&#x435;, &#x440;&#x435;&#x433;&#x438;&#x441;&#x442;&#x440;&#x438;&#x440;&#x443;&#x439;&#x442;&#x435;&#x441;&#x44c; &#x438; &#x43d;&#x430;&#x445;&#x43e;&#x434;&#x438;&#x442;&#x435; &#x434;&#x440;&#x443;&#x437;&#x435;&#x439;_]on"> - </span>[ Detail ]</a></div></td>
<td>0.001</td></tr>
<tr class="b">
<td></td>
<td>FAILED expected:&lt;[Facebook]&gt; but was:&lt;[&#x414;&#x43e;&#x431;&#x440;&#x43e; &#x43f;&#x43e;&#x436;&#x430;&#x43b;&#x43e;&#x432;&#x430;&#x442;&#x44c; &#x43d;&#x430; &#x424;&#x435;&#x439;&#x441;&#x431;&#x443;&#x43a; - &#x437;&#x430;&#x445;&#x43e;&#x434;&#x438;&#x442;&#x435;, &#x440;&#x435;&#x433;&#x438;&#x441;&#x442;&#x440;&#x438;&#x440;&#x443;&#x439;&#x442;&#x435;&#x441;&#x44c; &#x438; &#x43d;&#x430;&#x445;&#x43e;&#x434;&#x438;&#x442;&#x435; &#x434;&#x440;&#x443;&#x437;&#x435;&#x439;.]&gt;</td>
<td></td></tr>
<tr class="a">
<td></td>
<td>
<div id="core_SeleniumTest_test_Title_Validation[Iteration # 4 : exp: Facebook; act: &#x414;&#x43e;&#x431;&#x440;&#x43e; &#x43f;&#x43e;&#x436;&#x430;&#x43b;&#x43e;&#x432;&#x430;&#x442;&#x44c; &#x43d;&#x430; &#x424;&#x435;&#x439;&#x441;&#x431;&#x443;&#x43a; - &#x437;&#x430;&#x445;&#x43e;&#x434;&#x438;&#x442;&#x435;, &#x440;&#x435;&#x433;&#x438;&#x441;&#x442;&#x440;&#x438;&#x440;&#x443;&#x439;&#x442;&#x435;&#x441;&#x44c; &#x438; &#x43d;&#x430;&#x445;&#x43e;&#x434;&#x438;&#x442;&#x435; &#x434;&#x440;&#x443;&#x437;&#x435;&#x439;_]error" style="display:none;">
<div>
<pre>org.junit.ComparisonFailure: FAILED expected:&lt;[Facebook]&gt; but was:&lt;[&#x414;&#x43e;&#x431;&#x440;&#x43e; &#x43f;&#x43e;&#x436;&#x430;&#x43b;&#x43e;&#x432;&#x430;&#x442;&#x44c; &#x43d;&#x430; &#x424;&#x435;&#x439;&#x441;&#x431;&#x443;&#x43a; - &#x437;&#x430;&#x445;&#x43e;&#x434;&#x438;&#x442;&#x435;, &#x440;&#x435;&#x433;&#x438;&#x441;&#x442;&#x440;&#x438;&#x440;&#x443;&#x439;&#x442;&#x435;&#x441;&#x44c; &#x438; &#x43d;&#x430;&#x445;&#x43e;&#x434;&#x438;&#x442;&#x435; &#x434;&#x440;&#x443;&#x437;&#x435;&#x439;.]&gt;</pre></div></div></td>
<td></td></tr>
<tr class="b">
<td><a href="#core.SeleniumTest.test_Title_Validation[Iteration # 5 : exp: Welcome to Facebook - Log In; act: Добро пожаловать на Фейсбук - заходите, регистрируйтесь и находите друзей.]"><img src="images/icon_error_sml.gif" alt="" /></a></td>
<td><a href="#core.SeleniumTest.test_Title_Validation[Iteration # 5 : exp: Welcome to Facebook - Log In; act: Добро пожаловать на Фейсбук - заходите, регистрируйтесь и находите друзей.]">test_Title_Validation[Iteration # 5 : exp: Welcome to Facebook - Log In; act: &#x414;&#x43e;&#x431;&#x440;&#x43e; &#x43f;&#x43e;&#x436;&#x430;&#x43b;&#x43e;&#x432;&#x430;&#x442;&#x44c; &#x43d;&#x430; &#x424;&#x435;&#x439;&#x441;&#x431;&#x443;&#x43a; - &#x437;&#x430;&#x445;&#x43e;&#x434;&#x438;&#x442;&#x435;, &#x440;&#x435;&#x433;&#x438;&#x441;&#x442;&#x440;&#x438;&#x440;&#x443;&#x439;&#x442;&#x435;&#x441;&#x44c; &#x438; &#x43d;&#x430;&#x445;&#x43e;&#x434;&#x438;&#x442;&#x435; &#x434;&#x440;&#x443;&#x437;&#x435;&#x439;.]</a>
<div class="detailToggle" style="display:inline"><a href="javascript:toggleDisplay(&apos;core_SeleniumTest_test_Title_Validation[Iteration # 5 : exp: Welcome to Facebook - Log In; act: Добро пожаловать на Фейсбук - заходите, регистрируйтесь и находите друзей_]&apos;);"><span style="display:inline;" id="core_SeleniumTest_test_Title_Validation[Iteration # 5 : exp: Welcome to Facebook - Log In; act: &#x414;&#x43e;&#x431;&#x440;&#x43e; &#x43f;&#x43e;&#x436;&#x430;&#x43b;&#x43e;&#x432;&#x430;&#x442;&#x44c; &#x43d;&#x430; &#x424;&#x435;&#x439;&#x441;&#x431;&#x443;&#x43a; - &#x437;&#x430;&#x445;&#x43e;&#x434;&#x438;&#x442;&#x435;, &#x440;&#x435;&#x433;&#x438;&#x441;&#x442;&#x440;&#x438;&#x440;&#x443;&#x439;&#x442;&#x435;&#x441;&#x44c; &#x438; &#x43d;&#x430;&#x445;&#x43e;&#x434;&#x438;&#x442;&#x435; &#x434;&#x440;&#x443;&#x437;&#x435;&#x439;_]off"> + </span><span style="display:none;" id="core_SeleniumTest_test_Title_Validation[Iteration # 5 : exp: Welcome to Facebook - Log In; act: &#x414;&#x43e;&#x431;&#x440;&#x43e; &#x43f;&#x43e;&#x436;&#x430;&#x43b;&#x43e;&#x432;&#x430;&#x442;&#x44c; &#x43d;&#x430; &#x424;&#x435;&#x439;&#x441;&#x431;&#x443;&#x43a; - &#x437;&#x430;&#x445;&#x43e;&#x434;&#x438;&#x442;&#x435;, &#x440;&#x435;&#x433;&#x438;&#x441;&#x442;&#x440;&#x438;&#x440;&#x443;&#x439;&#x442;&#x435;&#x441;&#x44c; &#x438; &#x43d;&#x430;&#x445;&#x43e;&#x434;&#x438;&#x442;&#x435; &#x434;&#x440;&#x443;&#x437;&#x435;&#x439;_]on"> - </span>[ Detail ]</a></div></td>
<td>0.006</td></tr>
<tr class="a">
<td></td>
<td>FAILED expected:&lt;[Welcome to Facebook - Log In]&gt; but was:&lt;[&#x414;&#x43e;&#x431;&#x440;&#x43e; &#x43f;&#x43e;&#x436;&#x430;&#x43b;&#x43e;&#x432;&#x430;&#x442;&#x44c; &#x43d;&#x430; &#x424;&#x435;&#x439;&#x441;&#x431;&#x443;&#x43a; - &#x437;&#x430;&#x445;&#x43e;&#x434;&#x438;&#x442;&#x435;, &#x440;&#x435;&#x433;&#x438;&#x441;&#x442;&#x440;&#x438;&#x440;&#x443;&#x439;&#x442;&#x435;&#x441;&#x44c; &#x438; &#x43d;&#x430;&#x445;&#x43e;&#x434;&#x438;&#x442;&#x435; &#x434;&#x440;&#x443;&#x437;&#x435;&#x439;.]&gt;</td>
<td></td></tr>
<tr class="b">
<td></td>
<td>
<div id="core_SeleniumTest_test_Title_Validation[Iteration # 5 : exp: Welcome to Facebook - Log In; act: &#x414;&#x43e;&#x431;&#x440;&#x43e; &#x43f;&#x43e;&#x436;&#x430;&#x43b;&#x43e;&#x432;&#x430;&#x442;&#x44c; &#x43d;&#x430; &#x424;&#x435;&#x439;&#x441;&#x431;&#x443;&#x43a; - &#x437;&#x430;&#x445;&#x43e;&#x434;&#x438;&#x442;&#x435;, &#x440;&#x435;&#x433;&#x438;&#x441;&#x442;&#x440;&#x438;&#x440;&#x443;&#x439;&#x442;&#x435;&#x441;&#x44c; &#x438; &#x43d;&#x430;&#x445;&#x43e;&#x434;&#x438;&#x442;&#x435; &#x434;&#x440;&#x443;&#x437;&#x435;&#x439;_]error" style="display:none;">
<div>
<pre>org.junit.ComparisonFailure: FAILED expected:&lt;[Welcome to Facebook - Log In]&gt; but was:&lt;[&#x414;&#x43e;&#x431;&#x440;&#x43e; &#x43f;&#x43e;&#x436;&#x430;&#x43b;&#x43e;&#x432;&#x430;&#x442;&#x44c; &#x43d;&#x430; &#x424;&#x435;&#x439;&#x441;&#x431;&#x443;&#x43a; - &#x437;&#x430;&#x445;&#x43e;&#x434;&#x438;&#x442;&#x435;, &#x440;&#x435;&#x433;&#x438;&#x441;&#x442;&#x440;&#x438;&#x440;&#x443;&#x439;&#x442;&#x435;&#x441;&#x44c; &#x438; &#x43d;&#x430;&#x445;&#x43e;&#x434;&#x438;&#x442;&#x435; &#x434;&#x440;&#x443;&#x437;&#x435;&#x439;.]&gt;</pre></div></div></td>
<td></td></tr>
<tr class="a">
<td><a href="#core.SeleniumTest.test_Title_Validation[Iteration # 6 : exp: Long Island Families - Long Island; act: Long Island Families - Long Island, New York]"><img src="images/icon_error_sml.gif" alt="" /></a></td>
<td><a href="#core.SeleniumTest.test_Title_Validation[Iteration # 6 : exp: Long Island Families - Long Island; act: Long Island Families - Long Island, New York]">test_Title_Validation[Iteration # 6 : exp: Long Island Families - Long Island; act: Long Island Families - Long Island, New York]</a>
<div class="detailToggle" style="display:inline"><a href="javascript:toggleDisplay(&apos;core_SeleniumTest_test_Title_Validation[Iteration # 6 : exp: Long Island Families - Long Island; act: Long Island Families - Long Island, New York]&apos;);"><span style="display:inline;" id="core_SeleniumTest_test_Title_Validation[Iteration # 6 : exp: Long Island Families - Long Island; act: Long Island Families - Long Island, New York]off"> + </span><span style="display:none;" id="core_SeleniumTest_test_Title_Validation[Iteration # 6 : exp: Long Island Families - Long Island; act: Long Island Families - Long Island, New York]on"> - </span>[ Detail ]</a></div></td>
<td>0.002</td></tr>
<tr class="b">
<td></td>
<td>FAILED expected:&lt;...milies - Long Island[]&gt; but was:&lt;...milies - Long Island[, New York]&gt;</td>
<td></td></tr>
<tr class="a">
<td></td>
<td>
<div id="core_SeleniumTest_test_Title_Validation[Iteration # 6 : exp: Long Island Families - Long Island; act: Long Island Families - Long Island, New York]error" style="display:none;">
<div>
<pre>org.junit.ComparisonFailure: FAILED expected:&lt;...milies - Long Island[]&gt; but was:&lt;...milies - Long Island[, New York]&gt;at org.junit.Assert.assertEquals(Assert.java:115)at core.SeleniumTest.test_Title_Validation(SeleniumTest.java:46)at sun.reflect.NativeMethodAccessorImpl.invoke0(Native Method)at sun.reflect.NativeMethodAccessorImpl.invoke(NativeMethodAccessorImpl.java:62)at sun.reflect.DelegatingMethodAccessorImpl.invoke(DelegatingMethodAccessorImpl.java:43)at java.lang.reflect.Method.invoke(Method.java:483)at org.junit.runners.model.FrameworkMethod$1.runReflectiveCall(FrameworkMethod.java:47)at org.junit.internal.runners.model.ReflectiveCallable.run(ReflectiveCallable.java:12)at org.junit.runners.model.FrameworkMethod.invokeExplosively(FrameworkMethod.java:44)at org.junit.internal.runners.statements.InvokeMethod.evaluate(InvokeMethod.java:17)at org.junit.runners.ParentRunner.runLeaf(ParentRunner.java:271)at org.junit.runners.BlockJUnit4ClassRunner.runChild(BlockJUnit4ClassRunner.java:70)at org.junit.runners.BlockJUnit4ClassRunner.runChild(BlockJUnit4ClassRunner.java:50)at org.junit.runners.ParentRunner$3.run(ParentRunner.java:238)at org.junit.runners.ParentRunner$1.schedule(ParentRunner.java:63)at org.junit.runners.ParentRunner.runChildren(ParentRunner.java:236)at org.junit.runners.ParentRunner.access$000(ParentRunner.java:53)at org.junit.runners.ParentRunner$2.evaluate(ParentRunner.java:229)at org.junit.runners.ParentRunner.run(ParentRunner.java:309)at org.junit.runners.Suite.runChild(Suite.java:127)at org.junit.runners.Suite.runChild(Suite.java:26)at org.junit.runners.ParentRunner$3.run(ParentRunner.java:238)at org.junit.runners.ParentRunner$1.schedule(ParentRunner.java:63)at org.junit.runners.ParentRunner.runChildren(ParentRunner.java:236)at org.junit.runners.ParentRunner.access$000(ParentRunner.java:53)at org.junit.runners.ParentRunner$2.evaluate(ParentRunner.java:229)at org.junit.internal.runners.statements.RunBefores.evaluate(RunBefores.java:26)at org.junit.runners.ParentRunner.run(ParentRunner.java:309)at org.junit.runners.Suite.runChild(Suite.java:127)at org.junit.runners.Suite.runChild(Suite.java:26)at org.junit.runners.ParentRunner$3.run(ParentRunner.java:238)at org.junit.runners.ParentRunner$1.schedule(ParentRunner.java:63)at org.junit.runners.ParentRunner.runChildren(ParentRunner.java:236)at org.junit.runners.ParentRunner.access$000(ParentRunner.java:53)at org.junit.runners.ParentRunner$2.evaluate(ParentRunner.java:229)at org.junit.runners.ParentRunner.run(ParentRunner.java:309)at org.apache.maven.surefire.junit4.JUnit4Provider.execute(JUnit4Provider.java:252)at org.apache.maven.surefire.junit4.JUnit4Provider.executeTestSet(JUnit4Provider.java:141)at org.apache.maven.surefire.junit4.JUnit4Provider.invoke(JUnit4Provider.java:112)at sun.reflect.NativeMethodAccessorImpl.invoke0(Native Method)at sun.reflect.NativeMethodAccessorImpl.invoke(NativeMethodAccessorImpl.java:62)at sun.reflect.DelegatingMethodAccessorImpl.invoke(DelegatingMethodAccessorImpl.java:43)at java.lang.reflect.Method.invoke(Method.java:483)at org.apache.maven.surefire.util.ReflectionUtils.invokeMethodWithArray(ReflectionUtils.java:189)at org.apache.maven.surefire.booter.ProviderFactory$ProviderProxy.invoke(ProviderFactory.java:165)at org.apache.maven.surefire.booter.ProviderFactory.invokeProvider(ProviderFactory.java:85)at org.apache.maven.surefire.booter.ForkedBooter.runSuitesInProcess(ForkedBooter.java:115)at org.apache.maven.surefire.booter.ForkedBooter.main(ForkedBooter.java:75)</pre></div></div></td>
<td></td></tr>
<tr class="b">
<td><a href="#core.SeleniumTest.test_Title_Validation[Iteration # 7 : exp: www.alegro.coma; act: www.alegro.com]"><img src="images/icon_error_sml.gif" alt="" /></a></td>
<td><a href="#core.SeleniumTest.test_Title_Validation[Iteration # 7 : exp: www.alegro.coma; act: www.alegro.com]">test_Title_Validation[Iteration # 7 : exp: www.alegro.coma; act: www.alegro.com]</a>
<div class="detailToggle" style="display:inline"><a href="javascript:toggleDisplay(&apos;core_SeleniumTest_test_Title_Validation[Iteration # 7 : exp: www_alegro_coma; act: www_alegro_com]&apos;);"><span style="display:inline;" id="core_SeleniumTest_test_Title_Validation[Iteration # 7 : exp: www_alegro_coma; act: www_alegro_com]off"> + </span><span style="display:none;" id="core_SeleniumTest_test_Title_Validation[Iteration # 7 : exp: www_alegro_coma; act: www_alegro_com]on"> - </span>[ Detail ]</a></div></td>
<td>0</td></tr>
<tr class="a">
<td></td>
<td>FAILED expected:&lt;www.alegro.com[a]&gt; but was:&lt;www.alegro.com[]&gt;</td>
<td></td></tr>
<tr class="b">
<td></td>
<td>
<div id="core_SeleniumTest_test_Title_Validation[Iteration # 7 : exp: www_alegro_coma; act: www_alegro_com]error" style="display:none;">
<div>
<pre>org.junit.ComparisonFailure: FAILED expected:&lt;www.alegro.com[a]&gt; but was:&lt;www.alegro.com[]&gt;at org.junit.Assert.assertEquals(Assert.java:115)at core.SeleniumTest.test_Title_Validation(SeleniumTest.java:46)at sun.reflect.NativeMethodAccessorImpl.invoke0(Native Method)at sun.reflect.NativeMethodAccessorImpl.invoke(NativeMethodAccessorImpl.java:62)at sun.reflect.DelegatingMethodAccessorImpl.invoke(DelegatingMethodAccessorImpl.java:43)at java.lang.reflect.Method.invoke(Method.java:483)at org.junit.runners.model.FrameworkMethod$1.runReflectiveCall(FrameworkMethod.java:47)at org.junit.internal.runners.model.ReflectiveCallable.run(ReflectiveCallable.java:12)at org.junit.runners.model.FrameworkMethod.invokeExplosively(FrameworkMethod.java:44)at org.junit.internal.runners.statements.InvokeMethod.evaluate(InvokeMethod.java:17)at org.junit.runners.ParentRunner.runLeaf(ParentRunner.java:271)at org.junit.runners.BlockJUnit4ClassRunner.runChild(BlockJUnit4ClassRunner.java:70)at org.junit.runners.BlockJUnit4ClassRunner.runChild(BlockJUnit4ClassRunner.java:50)at org.junit.runners.ParentRunner$3.run(ParentRunner.java:238)at org.junit.runners.ParentRunner$1.schedule(ParentRunner.java:63)at org.junit.runners.ParentRunner.runChildren(ParentRunner.java:236)at org.junit.runners.ParentRunner.access$000(ParentRunner.java:53)at org.junit.runners.ParentRunner$2.evaluate(ParentRunner.java:229)at org.junit.runners.ParentRunner.run(ParentRunner.java:309)at org.junit.runners.Suite.runChild(Suite.java:127)at org.junit.runners.Suite.runChild(Suite.java:26)at org.junit.runners.ParentRunner$3.run(ParentRunner.java:238)at org.junit.runners.ParentRunner$1.schedule(ParentRunner.java:63)at org.junit.runners.ParentRunner.runChildren(ParentRunner.java:236)at org.junit.runners.ParentRunner.access$000(ParentRunner.java:53)at org.junit.runners.ParentRunner$2.evaluate(ParentRunner.java:229)at org.junit.internal.runners.statements.RunBefores.evaluate(RunBefores.java:26)at org.junit.runners.ParentRunner.run(ParentRunner.java:309)at org.junit.runners.Suite.runChild(Suite.java:127)at org.junit.runners.Suite.runChild(Suite.java:26)at org.junit.runners.ParentRunner$3.run(ParentRunner.java:238)at org.junit.runners.ParentRunner$1.schedule(ParentRunner.java:63)at org.junit.runners.ParentRunner.runChildren(ParentRunner.java:236)at org.junit.runners.ParentRunner.access$000(ParentRunner.java:53)at org.junit.runners.ParentRunner$2.evaluate(ParentRunner.java:229)at org.junit.runners.ParentRunner.run(ParentRunner.java:309)at org.apache.maven.surefire.junit4.JUnit4Provider.execute(JUnit4Provider.java:252)at org.apache.maven.surefire.junit4.JUnit4Provider.executeTestSet(JUnit4Provider.java:141)at org.apache.maven.surefire.junit4.JUnit4Provider.invoke(JUnit4Provider.java:112)at sun.reflect.NativeMethodAccessorImpl.invoke0(Native Method)at sun.reflect.NativeMethodAccessorImpl.invoke(NativeMethodAccessorImpl.java:62)at sun.reflect.DelegatingMethodAccessorImpl.invoke(DelegatingMethodAccessorImpl.java:43)at java.lang.reflect.Method.invoke(Method.java:483)at org.apache.maven.surefire.util.ReflectionUtils.invokeMethodWithArray(ReflectionUtils.java:189)at org.apache.maven.surefire.booter.ProviderFactory$ProviderProxy.invoke(ProviderFactory.java:165)at org.apache.maven.surefire.booter.ProviderFactory.invokeProvider(ProviderFactory.java:85)at org.apache.maven.surefire.booter.ForkedBooter.runSuitesInProcess(ForkedBooter.java:115)at org.apache.maven.surefire.booter.ForkedBooter.main(ForkedBooter.java:75)</pre></div></div></td>
<td></td></tr>
<tr class="a">
<td><img src="images/icon_success_sml.gif" alt="" /></td>
<td>test_Title_Validation[Iteration # 8 : exp: www.alegro.net; act: www.alegro.net]</td>
<td>0</td></tr>
<tr class="b">
<td><a href="#core.SeleniumTest.test_Title_Validation[Iteration # 9 : exp: learn26test.net; act: learn2test.net]"><img src="images/icon_error_sml.gif" alt="" /></a></td>
<td><a href="#core.SeleniumTest.test_Title_Validation[Iteration # 9 : exp: learn26test.net; act: learn2test.net]">test_Title_Validation[Iteration # 9 : exp: learn26test.net; act: learn2test.net]</a>
<div class="detailToggle" style="display:inline"><a href="javascript:toggleDisplay(&apos;core_SeleniumTest_test_Title_Validation[Iteration # 9 : exp: learn26test_net; act: learn2test_net]&apos;);"><span style="display:inline;" id="core_SeleniumTest_test_Title_Validation[Iteration # 9 : exp: learn26test_net; act: learn2test_net]off"> + </span><span style="display:none;" id="core_SeleniumTest_test_Title_Validation[Iteration # 9 : exp: learn26test_net; act: learn2test_net]on"> - </span>[ Detail ]</a></div></td>
<td>0.001</td></tr>
<tr class="a">
<td></td>
<td>FAILED expected:&lt;learn2[6]test.net&gt; but was:&lt;learn2[]test.net&gt;</td>
<td></td></tr>
<tr class="b">
<td></td>
<td>
<div id="core_SeleniumTest_test_Title_Validation[Iteration # 9 : exp: learn26test_net; act: learn2test_net]error" style="display:none;">
<div>
<pre>org.junit.ComparisonFailure: FAILED expected:&lt;learn2[6]test.net&gt; but was:&lt;learn2[]test.net&gt;at org.junit.Assert.assertEquals(Assert.java:115)at core.SeleniumTest.test_Title_Validation(SeleniumTest.java:46)at sun.reflect.NativeMethodAccessorImpl.invoke0(Native Method)at sun.reflect.NativeMethodAccessorImpl.invoke(NativeMethodAccessorImpl.java:62)at sun.reflect.DelegatingMethodAccessorImpl.invoke(DelegatingMethodAccessorImpl.java:43)at java.lang.reflect.Method.invoke(Method.java:483)at org.junit.runners.model.FrameworkMethod$1.runReflectiveCall(FrameworkMethod.java:47)at org.junit.internal.runners.model.ReflectiveCallable.run(ReflectiveCallable.java:12)at org.junit.runners.model.FrameworkMethod.invokeExplosively(FrameworkMethod.java:44)at org.junit.internal.runners.statements.InvokeMethod.evaluate(InvokeMethod.java:17)at org.junit.runners.ParentRunner.runLeaf(ParentRunner.java:271)at org.junit.runners.BlockJUnit4ClassRunner.runChild(BlockJUnit4ClassRunner.java:70)at org.junit.runners.BlockJUnit4ClassRunner.runChild(BlockJUnit4ClassRunner.java:50)at org.junit.runners.ParentRunner$3.run(ParentRunner.java:238)at org.junit.runners.ParentRunner$1.schedule(ParentRunner.java:63)at org.junit.runners.ParentRunner.runChildren(ParentRunner.java:236)at org.junit.runners.ParentRunner.access$000(ParentRunner.java:53)at org.junit.runners.ParentRunner$2.evaluate(ParentRunner.java:229)at org.junit.runners.ParentRunner.run(ParentRunner.java:309)at org.junit.runners.Suite.runChild(Suite.java:127)at org.junit.runners.Suite.runChild(Suite.java:26)at org.junit.runners.ParentRunner$3.run(ParentRunner.java:238)at org.junit.runners.ParentRunner$1.schedule(ParentRunner.java:63)at org.junit.runners.ParentRunner.runChildren(ParentRunner.java:236)at org.junit.runners.ParentRunner.access$000(ParentRunner.java:53)at org.junit.runners.ParentRunner$2.evaluate(ParentRunner.java:229)at org.junit.internal.runners.statements.RunBefores.evaluate(RunBefores.java:26)at org.junit.runners.ParentRunner.run(ParentRunner.java:309)at org.junit.runners.Suite.runChild(Suite.java:127)at org.junit.runners.Suite.runChild(Suite.java:26)at org.junit.runners.ParentRunner$3.run(ParentRunner.java:238)at org.junit.runners.ParentRunner$1.schedule(ParentRunner.java:63)at org.junit.runners.ParentRunner.runChildren(ParentRunner.java:236)at org.junit.runners.ParentRunner.access$000(ParentRunner.java:53)at org.junit.runners.ParentRunner$2.evaluate(ParentRunner.java:229)at org.junit.runners.ParentRunner.run(ParentRunner.java:309)at org.apache.maven.surefire.junit4.JUnit4Provider.execute(JUnit4Provider.java:252)at org.apache.maven.surefire.junit4.JUnit4Provider.executeTestSet(JUnit4Provider.java:141)at org.apache.maven.surefire.junit4.JUnit4Provider.invoke(JUnit4Provider.java:112)at sun.reflect.NativeMethodAccessorImpl.invoke0(Native Method)at sun.reflect.NativeMethodAccessorImpl.invoke(NativeMethodAccessorImpl.java:62)at sun.reflect.DelegatingMethodAccessorImpl.invoke(DelegatingMethodAccessorImpl.java:43)at java.lang.reflect.Method.invoke(Method.java:483)at org.apache.maven.surefire.util.ReflectionUtils.invokeMethodWithArray(ReflectionUtils.java:189)at org.apache.maven.surefire.booter.ProviderFactory$ProviderProxy.invoke(ProviderFactory.java:165)at org.apache.maven.surefire.booter.ProviderFactory.invokeProvider(ProviderFactory.java:85)at org.apache.maven.surefire.booter.ForkedBooter.runSuitesInProcess(ForkedBooter.java:115)at org.apache.maven.surefire.booter.ForkedBooter.main(ForkedBooter.java:75)</pre></div></div></td>
<td></td></tr>
<tr class="a">
<td><img src="images/icon_success_sml.gif" alt="" /></td>
<td>test_Title_Validation[Iteration # 10 : exp: www.alegro.com; act: www.alegro.com]</td>
<td>0</td></tr>
<tr class="b">
<td><img src="images/icon_success_sml.gif" alt="" /></td>
<td>test_Title_Validation[Iteration # 11 : exp: www.alegro.net; act: www.alegro.net]</td>
<td>0</td></tr>
<tr class="a">
<td><img src="images/icon_success_sml.gif" alt="" /></td>
<td>test_Title_Validation[Iteration # 12 : exp: learn2test.net; act: learn2test.net]</td>
<td>0</td></tr>
<tr class="b">
<td><img src="images/icon_success_sml.gif" alt="" /></td>
<td>test_Title_Validation[Iteration # 13 : exp: www.alegro.com; act: www.alegro.com]</td>
<td>0</td></tr>
<tr class="a">
<td><a href="#core.SeleniumTest.test_Title_Validation[Iteration # 14 : exp: www.alegro.neta; act: www.alegro.net]"><img src="images/icon_error_sml.gif" alt="" /></a></td>
<td><a href="#core.SeleniumTest.test_Title_Validation[Iteration # 14 : exp: www.alegro.neta; act: www.alegro.net]">test_Title_Validation[Iteration # 14 : exp: www.alegro.neta; act: www.alegro.net]</a>
<div class="detailToggle" style="display:inline"><a href="javascript:toggleDisplay(&apos;core_SeleniumTest_test_Title_Validation[Iteration # 14 : exp: www_alegro_neta; act: www_alegro_net]&apos;);"><span style="display:inline;" id="core_SeleniumTest_test_Title_Validation[Iteration # 14 : exp: www_alegro_neta; act: www_alegro_net]off"> + </span><span style="display:none;" id="core_SeleniumTest_test_Title_Validation[Iteration # 14 : exp: www_alegro_neta; act: www_alegro_net]on"> - </span>[ Detail ]</a></div></td>
<td>0.001</td></tr>
<tr class="b">
<td></td>
<td>FAILED expected:&lt;www.alegro.net[a]&gt; but was:&lt;www.alegro.net[]&gt;</td>
<td></td></tr>
<tr class="a">
<td></td>
<td>
<div id="core_SeleniumTest_test_Title_Validation[Iteration # 14 : exp: www_alegro_neta; act: www_alegro_net]error" style="display:none;">
<div>
<pre>org.junit.ComparisonFailure: FAILED expected:&lt;www.alegro.net[a]&gt; but was:&lt;www.alegro.net[]&gt;at org.junit.Assert.assertEquals(Assert.java:115)at core.SeleniumTest.test_Title_Validation(SeleniumTest.java:46)at sun.reflect.NativeMethodAccessorImpl.invoke0(Native Method)at sun.reflect.NativeMethodAccessorImpl.invoke(NativeMethodAccessorImpl.java:62)at sun.reflect.DelegatingMethodAccessorImpl.invoke(DelegatingMethodAccessorImpl.java:43)at java.lang.reflect.Method.invoke(Method.java:483)at org.junit.runners.model.FrameworkMethod$1.runReflectiveCall(FrameworkMethod.java:47)at org.junit.internal.runners.model.ReflectiveCallable.run(ReflectiveCallable.java:12)at org.junit.runners.model.FrameworkMethod.invokeExplosively(FrameworkMethod.java:44)at org.junit.internal.runners.statements.InvokeMethod.evaluate(InvokeMethod.java:17)at org.junit.runners.ParentRunner.runLeaf(ParentRunner.java:271)at org.junit.runners.BlockJUnit4ClassRunner.runChild(BlockJUnit4ClassRunner.java:70)at org.junit.runners.BlockJUnit4ClassRunner.runChild(BlockJUnit4ClassRunner.java:50)at org.junit.runners.ParentRunner$3.run(ParentRunner.java:238)at org.junit.runners.ParentRunner$1.schedule(ParentRunner.java:63)at org.junit.runners.ParentRunner.runChildren(ParentRunner.java:236)at org.junit.runners.ParentRunner.access$000(ParentRunner.java:53)at org.junit.runners.ParentRunner$2.evaluate(ParentRunner.java:229)at org.junit.runners.ParentRunner.run(ParentRunner.java:309)at org.junit.runners.Suite.runChild(Suite.java:127)at org.junit.runners.Suite.runChild(Suite.java:26)at org.junit.runners.ParentRunner$3.run(ParentRunner.java:238)at org.junit.runners.ParentRunner$1.schedule(ParentRunner.java:63)at org.junit.runners.ParentRunner.runChildren(ParentRunner.java:236)at org.junit.runners.ParentRunner.access$000(ParentRunner.java:53)at org.junit.runners.ParentRunner$2.evaluate(ParentRunner.java:229)at org.junit.internal.runners.statements.RunBefores.evaluate(RunBefores.java:26)at org.junit.runners.ParentRunner.run(ParentRunner.java:309)at org.junit.runners.Suite.runChild(Suite.java:127)at org.junit.runners.Suite.runChild(Suite.java:26)at org.junit.runners.ParentRunner$3.run(ParentRunner.java:238)at org.junit.runners.ParentRunner$1.schedule(ParentRunner.java:63)at org.junit.runners.ParentRunner.runChildren(ParentRunner.java:236)at org.junit.runners.ParentRunner.access$000(ParentRunner.java:53)at org.junit.runners.ParentRunner$2.evaluate(ParentRunner.java:229)at org.junit.runners.ParentRunner.run(ParentRunner.java:309)at org.apache.maven.surefire.junit4.JUnit4Provider.execute(JUnit4Provider.java:252)at org.apache.maven.surefire.junit4.JUnit4Provider.executeTestSet(JUnit4Provider.java:141)at org.apache.maven.surefire.junit4.JUnit4Provider.invoke(JUnit4Provider.java:112)at sun.reflect.NativeMethodAccessorImpl.invoke0(Native Method)at sun.reflect.NativeMethodAccessorImpl.invoke(NativeMethodAccessorImpl.java:62)at sun.reflect.DelegatingMethodAccessorImpl.invoke(DelegatingMethodAccessorImpl.java:43)at java.lang.reflect.Method.invoke(Method.java:483)at org.apache.maven.surefire.util.ReflectionUtils.invokeMethodWithArray(ReflectionUtils.java:189)at org.apache.maven.surefire.booter.ProviderFactory$ProviderProxy.invoke(ProviderFactory.java:165)at org.apache.maven.surefire.booter.ProviderFactory.invokeProvider(ProviderFactory.java:85)at org.apache.maven.surefire.booter.ForkedBooter.runSuitesInProcess(ForkedBooter.java:115)at org.apache.maven.surefire.booter.ForkedBooter.main(ForkedBooter.java:75)</pre></div></div></td>
<td></td></tr>
<tr class="b">
<td><img src="images/icon_success_sml.gif" alt="" /></td>
<td>test_Title_Validation[Iteration # 15 : exp: learn2test.net; act: learn2test.net]</td>
<td>0.002</td></tr>
<tr class="a">
<td><img src="images/icon_success_sml.gif" alt="" /></td>
<td>test_Title_Validation[Iteration # 16 : exp: www.alegro.com; act: www.alegro.com]</td>
<td>0</td></tr>
<tr class="b">
<td><a href="#core.SeleniumTest.test_Title_Validation[Iteration # 17 : exp: www.alegro.net2; act: www.alegro.net]"><img src="images/icon_error_sml.gif" alt="" /></a></td>
<td><a href="#core.SeleniumTest.test_Title_Validation[Iteration # 17 : exp: www.alegro.net2; act: www.alegro.net]">test_Title_Validation[Iteration # 17 : exp: www.alegro.net2; act: www.alegro.net]</a>
<div class="detailToggle" style="display:inline"><a href="javascript:toggleDisplay(&apos;core_SeleniumTest_test_Title_Validation[Iteration # 17 : exp: www_alegro_net2; act: www_alegro_net]&apos;);"><span style="display:inline;" id="core_SeleniumTest_test_Title_Validation[Iteration # 17 : exp: www_alegro_net2; act: www_alegro_net]off"> + </span><span style="display:none;" id="core_SeleniumTest_test_Title_Validation[Iteration # 17 : exp: www_alegro_net2; act: www_alegro_net]on"> - </span>[ Detail ]</a></div></td>
<td>0.001</td></tr>
<tr class="a">
<td></td>
<td>FAILED expected:&lt;www.alegro.net[2]&gt; but was:&lt;www.alegro.net[]&gt;</td>
<td></td></tr>
<tr class="b">
<td></td>
<td>
<div id="core_SeleniumTest_test_Title_Validation[Iteration # 17 : exp: www_alegro_net2; act: www_alegro_net]error" style="display:none;">
<div>
<pre>org.junit.ComparisonFailure: FAILED expected:&lt;www.alegro.net[2]&gt; but was:&lt;www.alegro.net[]&gt;at org.junit.Assert.assertEquals(Assert.java:115)at core.SeleniumTest.test_Title_Validation(SeleniumTest.java:46)at sun.reflect.GeneratedMethodAccessor5.invoke(Unknown Source)at sun.reflect.DelegatingMethodAccessorImpl.invoke(DelegatingMethodAccessorImpl.java:43)at java.lang.reflect.Method.invoke(Method.java:483)at org.junit.runners.model.FrameworkMethod$1.runReflectiveCall(FrameworkMethod.java:47)at org.junit.internal.runners.model.ReflectiveCallable.run(ReflectiveCallable.java:12)at org.junit.runners.model.FrameworkMethod.invokeExplosively(FrameworkMethod.java:44)at org.junit.internal.runners.statements.InvokeMethod.evaluate(InvokeMethod.java:17)at org.junit.runners.ParentRunner.runLeaf(ParentRunner.java:271)at org.junit.runners.BlockJUnit4ClassRunner.runChild(BlockJUnit4ClassRunner.java:70)at org.junit.runners.BlockJUnit4ClassRunner.runChild(BlockJUnit4ClassRunner.java:50)at org.junit.runners.ParentRunner$3.run(ParentRunner.java:238)at org.junit.runners.ParentRunner$1.schedule(ParentRunner.java:63)at org.junit.runners.ParentRunner.runChildren(ParentRunner.java:236)at org.junit.runners.ParentRunner.access$000(ParentRunner.java:53)at org.junit.runners.ParentRunner$2.evaluate(ParentRunner.java:229)at org.junit.runners.ParentRunner.run(ParentRunner.java:309)at org.junit.runners.Suite.runChild(Suite.java:127)at org.junit.runners.Suite.runChild(Suite.java:26)at org.junit.runners.ParentRunner$3.run(ParentRunner.java:238)at org.junit.runners.ParentRunner$1.schedule(ParentRunner.java:63)at org.junit.runners.ParentRunner.runChildren(ParentRunner.java:236)at org.junit.runners.ParentRunner.access$000(ParentRunner.java:53)at org.junit.runners.ParentRunner$2.evaluate(ParentRunner.java:229)at org.junit.internal.runners.statements.RunBefores.evaluate(RunBefores.java:26)at org.junit.runners.ParentRunner.run(ParentRunner.java:309)at org.junit.runners.Suite.runChild(Suite.java:127)at org.junit.runners.Suite.runChild(Suite.java:26)at org.junit.runners.ParentRunner$3.run(ParentRunner.java:238)at org.junit.runners.ParentRunner$1.schedule(ParentRunner.java:63)at org.junit.runners.ParentRunner.runChildren(ParentRunner.java:236)at org.junit.runners.ParentRunner.access$000(ParentRunner.java:53)at org.junit.runners.ParentRunner$2.evaluate(ParentRunner.java:229)at org.junit.runners.ParentRunner.run(ParentRunner.java:309)at org.apache.maven.surefire.junit4.JUnit4Provider.execute(JUnit4Provider.java:252)at org.apache.maven.surefire.junit4.JUnit4Provider.executeTestSet(JUnit4Provider.java:141)at org.apache.maven.surefire.junit4.JUnit4Provider.invoke(JUnit4Provider.java:112)at sun.reflect.NativeMethodAccessorImpl.invoke0(Native Method)at sun.reflect.NativeMethodAccessorImpl.invoke(NativeMethodAccessorImpl.java:62)at sun.reflect.DelegatingMethodAccessorImpl.invoke(DelegatingMethodAccessorImpl.java:43)at java.lang.reflect.Method.invoke(Method.java:483)at org.apache.maven.surefire.util.ReflectionUtils.invokeMethodWithArray(ReflectionUtils.java:189)at org.apache.maven.surefire.booter.ProviderFactory$ProviderProxy.invoke(ProviderFactory.java:165)at org.apache.maven.surefire.booter.ProviderFactory.invokeProvider(ProviderFactory.java:85)at org.apache.maven.surefire.booter.ForkedBooter.runSuitesInProcess(ForkedBooter.java:115)at org.apache.maven.surefire.booter.ForkedBooter.main(ForkedBooter.java:75)</pre></div></div></td>
<td></td></tr>
<tr class="a">
<td><img src="images/icon_success_sml.gif" alt="" /></td>
<td>test_Title_Validation[Iteration # 18 : exp: www.alegro.com; act: www.alegro.com]</td>
<td>0.001</td></tr>
<tr class="b">
<td><img src="images/icon_success_sml.gif" alt="" /></td>
<td>test_Title_Validation[Iteration # 19 : exp: www.alegro.net; act: www.alegro.net]</td>
<td>0</td></tr>
<tr class="a">
<td><img src="images/icon_success_sml.gif" alt="" /></td>
<td>test_Title_Validation[Iteration # 20 : exp: learn2test.net; act: learn2test.net]</td>
<td>0</td></tr>
<tr class="b">
<td><img src="images/icon_success_sml.gif" alt="" /></td>
<td>test_Title_Validation[Iteration # 21 : exp: www.alegro.com; act: www.alegro.com]</td>
<td>0</td></tr>
<tr class="a">
<td><img src="images/icon_success_sml.gif" alt="" /></td>
<td>test_Title_Validation[Iteration # 22 : exp: www.alegro.net; act: www.alegro.net]</td>
<td>0</td></tr>
<tr class="b">
<td><a href="#core.SeleniumTest.test_Title_Validation[Iteration # 23 : exp: blah; act: learn2test.net]"><img src="images/icon_error_sml.gif" alt="" /></a></td>
<td><a href="#core.SeleniumTest.test_Title_Validation[Iteration # 23 : exp: blah; act: learn2test.net]">test_Title_Validation[Iteration # 23 : exp: blah; act: learn2test.net]</a>
<div class="detailToggle" style="display:inline"><a href="javascript:toggleDisplay(&apos;core_SeleniumTest_test_Title_Validation[Iteration # 23 : exp: blah; act: learn2test_net]&apos;);"><span style="display:inline;" id="core_SeleniumTest_test_Title_Validation[Iteration # 23 : exp: blah; act: learn2test_net]off"> + </span><span style="display:none;" id="core_SeleniumTest_test_Title_Validation[Iteration # 23 : exp: blah; act: learn2test_net]on"> - </span>[ Detail ]</a></div></td>
<td>0.001</td></tr>
<tr class="a">
<td></td>
<td>FAILED expected:&lt;[blah]&gt; but was:&lt;[learn2test.net]&gt;</td>
<td></td></tr>
<tr class="b">
<td></td>
<td>
<div id="core_SeleniumTest_test_Title_Validation[Iteration # 23 : exp: blah; act: learn2test_net]error" style="display:none;">
<div>
<pre>org.junit.ComparisonFailure: FAILED expected:&lt;[blah]&gt; but was:&lt;[learn2test.net]&gt;</pre></div></div></td>
<td></td></tr>
<tr class="a">
<td><img src="images/icon_success_sml.gif" alt="" /></td>
<td>test_Title_Validation[Iteration # 24 : exp: www.alegro.com; act: www.alegro.com]</td>
<td>0</td></tr></table></div><br /></div>
<div class="section">
<h2>Failure Details<a name="Failure_Details"></a></h2><a name="Failure_Details"></a>
<p>[<a href="#Summary">Summary</a>] [<a href="#Package_List">Package List</a>] [<a href="#Test_Cases">Test Cases</a>]</p><br />
<table border="1" class="bodyTable">
<tr class="a">
<td><img src="images/icon_error_sml.gif" alt="" /></td>
<td><a name="core.SeleniumTest.test_Title_ValidationIteration__2_:_exp:_learntest.net_act:_learn2test.net"></a>test_Title_Validation[Iteration # 2 : exp: learntest.net; act: learn2test.net]</td></tr>
<tr class="b">
<td></td>
<td>org.junit.ComparisonFailure: FAILED expected:&lt;learn[]test.net&gt; but was:&lt;learn[2]test.net&gt;</td></tr>                                                                                                                                                                                                
<tr class="a">
<td></td>
<td>
<div id="test_Title_Validation[Iteration # 2 : exp: learntest.net; act: learn2test.net]error">core.SeleniumTest:</div></td></tr>
<tr class="b">
<td><img src="images/icon_error_sml.gif" alt="" /></td>
<td><a name="core.SeleniumTest.test_Title_ValidationIteration__3_:_exp:_Coursera-Free_Online_Courses_From_Top_Universities_act:_Coursera_-_Free_Online_Courses_From_Top_Universities"></a>test_Title_Validation[Iteration # 3 : exp: Coursera-Free Online Courses From Top Universities; act: Coursera - Free Online Courses From Top Universities]</td></tr>
<tr class="a">
<td></td>
<td>org.junit.ComparisonFailure: FAILED expected:&lt;Coursera[-]Free Online Courses ...&gt; but was:&lt;Coursera[ - ]Free Online Courses ...&gt;</td></tr>                                                                                                                                                                                                
<tr class="b">
<td></td>
<td>
<div id="test_Title_Validation[Iteration # 3 : exp: Coursera-Free Online Courses From Top Universities; act: Coursera - Free Online Courses From Top Universities]error">core.SeleniumTest:</div></td></tr>
<tr class="a">
<td><img src="images/icon_error_sml.gif" alt="" /></td>
<td><a name="core.SeleniumTest.test_Title_ValidationIteration__4_:_exp:_Facebook_act:_____-_____."></a>test_Title_Validation[Iteration # 4 : exp: Facebook; act: &#x414;&#x43e;&#x431;&#x440;&#x43e; &#x43f;&#x43e;&#x436;&#x430;&#x43b;&#x43e;&#x432;&#x430;&#x442;&#x44c; &#x43d;&#x430; &#x424;&#x435;&#x439;&#x441;&#x431;&#x443;&#x43a; - &#x437;&#x430;&#x445;&#x43e;&#x434;&#x438;&#x442;&#x435;, &#x440;&#x435;&#x433;&#x438;&#x441;&#x442;&#x440;&#x438;&#x440;&#x443;&#x439;&#x442;&#x435;&#x441;&#x44c; &#x438; &#x43d;&#x430;&#x445;&#x43e;&#x434;&#x438;&#x442;&#x435; &#x434;&#x440;&#x443;&#x437;&#x435;&#x439;.]</td></tr>
<tr class="b">
<td></td>
<td>org.junit.ComparisonFailure: FAILED expected:&lt;[Facebook]&gt; but was:&lt;[&#x414;&#x43e;&#x431;&#x440;&#x43e; &#x43f;&#x43e;&#x436;&#x430;&#x43b;&#x43e;&#x432;&#x430;&#x442;&#x44c; &#x43d;&#x430; &#x424;&#x435;&#x439;&#x441;&#x431;&#x443;&#x43a; - &#x437;&#x430;&#x445;&#x43e;&#x434;&#x438;&#x442;&#x435;, &#x440;&#x435;&#x433;&#x438;&#x441;&#x442;&#x440;&#x438;&#x440;&#x443;&#x439;&#x442;&#x435;&#x441;&#x44c; &#x438; &#x43d;&#x430;&#x445;&#x43e;&#x434;&#x438;&#x442;&#x435; &#x434;&#x440;&#x443;&#x437;&#x435;&#x439;.]&gt;</td></tr>
<tr class="a">
<td></td>
<td>
<div id="test_Title_Validation[Iteration # 4 : exp: Facebook; act: &#x414;&#x43e;&#x431;&#x440;&#x43e; &#x43f;&#x43e;&#x436;&#x430;&#x43b;&#x43e;&#x432;&#x430;&#x442;&#x44c; &#x43d;&#x430; &#x424;&#x435;&#x439;&#x441;&#x431;&#x443;&#x43a; - &#x437;&#x430;&#x445;&#x43e;&#x434;&#x438;&#x442;&#x435;, &#x440;&#x435;&#x433;&#x438;&#x441;&#x442;&#x440;&#x438;&#x440;&#x443;&#x439;&#x442;&#x435;&#x441;&#x44c; &#x438; &#x43d;&#x430;&#x445;&#x43e;&#x434;&#x438;&#x442;&#x435; &#x434;&#x440;&#x443;&#x437;&#x435;&#x439;.]error">core.SeleniumTest:</div></td></tr>
<tr class="b">
<td><img src="images/icon_error_sml.gif" alt="" /></td>
<td><a name="core.SeleniumTest.test_Title_ValidationIteration__5_:_exp:_Welcome_to_Facebook_-_Log_In_act:_____-_____."></a>test_Title_Validation[Iteration # 5 : exp: Welcome to Facebook - Log In; act: &#x414;&#x43e;&#x431;&#x440;&#x43e; &#x43f;&#x43e;&#x436;&#x430;&#x43b;&#x43e;&#x432;&#x430;&#x442;&#x44c; &#x43d;&#x430; &#x424;&#x435;&#x439;&#x441;&#x431;&#x443;&#x43a; - &#x437;&#x430;&#x445;&#x43e;&#x434;&#x438;&#x442;&#x435;, &#x440;&#x435;&#x433;&#x438;&#x441;&#x442;&#x440;&#x438;&#x440;&#x443;&#x439;&#x442;&#x435;&#x441;&#x44c; &#x438; &#x43d;&#x430;&#x445;&#x43e;&#x434;&#x438;&#x442;&#x435; &#x434;&#x440;&#x443;&#x437;&#x435;&#x439;.]</td></tr>
<tr class="a">
<td></td>
<td>org.junit.ComparisonFailure: FAILED expected:&lt;[Welcome to Facebook - Log In]&gt; but was:&lt;[&#x414;&#x43e;&#x431;&#x440;&#x43e; &#x43f;&#x43e;&#x436;&#x430;&#x43b;&#x43e;&#x432;&#x430;&#x442;&#x44c; &#x43d;&#x430; &#x424;&#x435;&#x439;&#x441;&#x431;&#x443;&#x43a; - &#x437;&#x430;&#x445;&#x43e;&#x434;&#x438;&#x442;&#x435;, &#x440;&#x435;&#x433;&#x438;&#x441;&#x442;&#x440;&#x438;&#x440;&#x443;&#x439;&#x442;&#x435;&#x441;&#x44c; &#x438; &#x43d;&#x430;&#x445;&#x43e;&#x434;&#x438;&#x442;&#x435; &#x434;&#x440;&#x443;&#x437;&#x435;&#x439;.]&gt;</td></tr>
<tr class="b">
<td></td>
<td>
<div id="test_Title_Validation[Iteration # 5 : exp: Welcome to Facebook - Log In; act: &#x414;&#x43e;&#x431;&#x440;&#x43e; &#x43f;&#x43e;&#x436;&#x430;&#x43b;&#x43e;&#x432;&#x430;&#x442;&#x44c; &#x43d;&#x430; &#x424;&#x435;&#x439;&#x441;&#x431;&#x443;&#x43a; - &#x437;&#x430;&#x445;&#x43e;&#x434;&#x438;&#x442;&#x435;, &#x440;&#x435;&#x433;&#x438;&#x441;&#x442;&#x440;&#x438;&#x440;&#x443;&#x439;&#x442;&#x435;&#x441;&#x44c; &#x438; &#x43d;&#x430;&#x445;&#x43e;&#x434;&#x438;&#x442;&#x435; &#x434;&#x440;&#x443;&#x437;&#x435;&#x439;.]error">core.SeleniumTest:</div></td></tr>
<tr class="a">
<td><img src="images/icon_error_sml.gif" alt="" /></td>
<td><a name="core.SeleniumTest.test_Title_ValidationIteration__6_:_exp:_Long_Island_Families_-_Long_Island_act:_Long_Island_Families_-_Long_Island_New_York"></a>test_Title_Validation[Iteration # 6 : exp: Long Island Families - Long Island; act: Long Island Families - Long Island, New York]</td></tr>
<tr class="b">
<td></td>
<td>org.junit.ComparisonFailure: FAILED expected:&lt;...milies - Long Island[]&gt; but was:&lt;...milies - Long Island[, New York]&gt;</td></tr>                                                                                                                                                                                                
<tr class="a">
<td></td>
<td>
<div id="test_Title_Validation[Iteration # 6 : exp: Long Island Families - Long Island; act: Long Island Families - Long Island, New York]error">core.SeleniumTest:</div></td></tr>
<tr class="b">
<td><img src="images/icon_error_sml.gif" alt="" /></td>
<td><a name="core.SeleniumTest.test_Title_ValidationIteration__7_:_exp:_www.alegro.coma_act:_www.alegro.com"></a>test_Title_Validation[Iteration # 7 : exp: www.alegro.coma; act: www.alegro.com]</td></tr>
<tr class="a">
<td></td>
<td>org.junit.ComparisonFailure: FAILED expected:&lt;www.alegro.com[a]&gt; but was:&lt;www.alegro.com[]&gt;</td></tr>                                                                                                                                                                                                
<tr class="b">
<td></td>
<td>
<div id="test_Title_Validation[Iteration # 7 : exp: www.alegro.coma; act: www.alegro.com]error">core.SeleniumTest:</div></td></tr>
<tr class="a">
<td><img src="images/icon_error_sml.gif" alt="" /></td>
<td><a name="core.SeleniumTest.test_Title_ValidationIteration__9_:_exp:_learn26test.net_act:_learn2test.net"></a>test_Title_Validation[Iteration # 9 : exp: learn26test.net; act: learn2test.net]</td></tr>
<tr class="b">
<td></td>
<td>org.junit.ComparisonFailure: FAILED expected:&lt;learn2[6]test.net&gt; but was:&lt;learn2[]test.net&gt;</td></tr>                                                                                                                                                                                                
<tr class="a">
<td></td>
<td>
<div id="test_Title_Validation[Iteration # 9 : exp: learn26test.net; act: learn2test.net]error">core.SeleniumTest:</div></td></tr>
<tr class="b">
<td><img src="images/icon_error_sml.gif" alt="" /></td>
<td><a name="core.SeleniumTest.test_Title_ValidationIteration__14_:_exp:_www.alegro.neta_act:_www.alegro.net"></a>test_Title_Validation[Iteration # 14 : exp: www.alegro.neta; act: www.alegro.net]</td></tr>
<tr class="a">
<td></td>
<td>org.junit.ComparisonFailure: FAILED expected:&lt;www.alegro.net[a]&gt; but was:&lt;www.alegro.net[]&gt;</td></tr>                                                                                                                                                                                                
<tr class="b">
<td></td>
<td>
<div id="test_Title_Validation[Iteration # 14 : exp: www.alegro.neta; act: www.alegro.net]error">core.SeleniumTest:</div></td></tr>
<tr class="a">
<td><img src="images/icon_error_sml.gif" alt="" /></td>
<td><a name="core.SeleniumTest.test_Title_ValidationIteration__17_:_exp:_www.alegro.net2_act:_www.alegro.net"></a>test_Title_Validation[Iteration # 17 : exp: www.alegro.net2; act: www.alegro.net]</td></tr>
<tr class="b">
<td></td>
<td>org.junit.ComparisonFailure: FAILED expected:&lt;www.alegro.net[2]&gt; but was:&lt;www.alegro.net[]&gt;</td></tr>                                                                                                                                                                                            
<tr class="a">
<td></td>
<td>
<div id="test_Title_Validation[Iteration # 17 : exp: www.alegro.net2; act: www.alegro.net]error">core.SeleniumTest:</div></td></tr>
<tr class="b">
<td><img src="images/icon_error_sml.gif" alt="" /></td>
<td><a name="core.SeleniumTest.test_Title_ValidationIteration__23_:_exp:_blah_act:_learn2test.net"></a>test_Title_Validation[Iteration # 23 : exp: blah; act: learn2test.net]</td></tr>
<tr class="a">
<td></td>
<td>org.junit.ComparisonFailure: FAILED expected:&lt;[blah]&gt; but was:&lt;[learn2test.net]&gt;</td></tr>
<tr class="b">
<td></td>
<td>
<div id="test_Title_Validation[Iteration # 23 : exp: blah; act: learn2test.net]error">core.SeleniumTest:</div></td></tr></table><br /></div>
      </div>
    </div>
    <div class="clear">
      <hr/>
    </div>
    <div id="footer">
      <div class="xright">
              Copyright &#169;                   2015.
          All Rights Reserved.      
                    
                  </div>
      <div class="clear">
        <hr/>
      </div>
    </div>
  </body>
</html>
